app/build/intermediates/manifest_merge_blame_file/debug/manifest-merger-blame-debug-report.txt
1<?xml version="1.0" encoding="utf-8"?>
2<manifest xmlns:android="http://schemas.android.com/apk/res/android"
3    package="com.example.sis"
4    android:versionCode="1"
5    android:versionName="1.0" >
6
7    <uses-sdk
8        android:minSdkVersion="21"
8-->src/main/AndroidManifest.xml
9        android:targetSdkVersion="29" />
9-->src/main/AndroidManifest.xml
10
11    <uses-permission android:name="android.permission.ACCESS_NETWORK_STATE" />
11-->src/main/AndroidManifest.xml:6:5-79
11-->src/main/AndroidManifest.xml:6:22-76
12    <uses-permission android:name="android.permission.INTERNET" />
12-->src/main/AndroidManifest.xml:7:5-67
12-->src/main/AndroidManifest.xml:7:22-64
13    <uses-permission android:name="android.permission.WRITE_EXTERNAL_STORAGE" />
13-->src/main/AndroidManifest.xml:8:5-81
13-->src/main/AndroidManifest.xml:8:22-78
14
15    <application
15-->src/main/AndroidManifest.xml:10:5-72:19
16        android:allowBackup="true"
16-->src/main/AndroidManifest.xml:11:9-35
17        android:appComponentFactory="androidx.core.app.CoreComponentFactory"
17-->[androidx.core:core:1.1.0] AndroidManifest.xml:24:18-86
18        android:debuggable="true"
19        android:icon="@mipmap/ic_launcher"
19-->src/main/AndroidManifest.xml:12:9-43
20        android:label="@string/app_name"
20-->src/main/AndroidManifest.xml:13:9-41
21        android:networkSecurityConfig="@xml/network_security_config"
21-->src/main/AndroidManifest.xml:14:9-69
22        android:roundIcon="@mipmap/ic_launcher_round"
22-->src/main/AndroidManifest.xml:15:9-54
23        android:supportsRtl="true"
23-->src/main/AndroidManifest.xml:16:9-35
24        android:testOnly="true"
25        android:theme="@style/AppTheme" >
25-->src/main/AndroidManifest.xml:17:9-40
26        <activity
26-->src/main/AndroidManifest.xml:19:9-21:57
27            android:name="com.example.sis.studentComplaint.ComplaintView"
27-->src/main/AndroidManifest.xml:20:13-59
28            android:label="@string/complaint_details" />
28-->src/main/AndroidManifest.xml:21:13-54
29        <activity
29-->src/main/AndroidManifest.xml:22:9-24:53
30            android:name="com.example.sis.studentComplaint.InsertNewComplaint"
30-->src/main/AndroidManifest.xml:23:13-64
31            android:label="@string/new_complaint" />
31-->src/main/AndroidManifest.xml:24:13-50
32        <activity
32-->src/main/AndroidManifest.xml:25:9-27:58
33            android:name="com.example.sis.studentComplaint.Complaint"
33-->src/main/AndroidManifest.xml:26:13-55
34            android:label="@string/student_complaints" />
34-->src/main/AndroidManifest.xml:27:13-55
35        <activity android:name="com.example.sis.query_result" />
35-->src/main/AndroidManifest.xml:28:9-50
35-->src/main/AndroidManifest.xml:28:19-47
36        <activity
36-->src/main/AndroidManifest.xml:29:9-31:52
37            android:name="com.example.sis.Regisration"
37-->src/main/AndroidManifest.xml:30:13-40
38            android:label="@string/registration" />
38-->src/main/AndroidManifest.xml:31:13-49
39        <activity
39-->src/main/AndroidManifest.xml:32:9-34:55
40            android:name="com.example.sis.changePassword"
40-->src/main/AndroidManifest.xml:33:13-43
41            android:label="@string/change_password" />
41-->src/main/AndroidManifest.xml:34:13-52
42        <activity
42-->src/main/AndroidManifest.xml:35:9-37:46
43            android:name="com.example.sis.Grades"
43-->src/main/AndroidManifest.xml:36:13-35
44            android:label="@string/grades" />
44-->src/main/AndroidManifest.xml:37:13-43
45        <activity
45-->src/main/AndroidManifest.xml:38:9-40:49
46            android:name="com.example.sis.Timetable"
46-->src/main/AndroidManifest.xml:39:13-38
47            android:label="@string/timetable" />
47-->src/main/AndroidManifest.xml:40:13-46
48        <activity
48-->src/main/AndroidManifest.xml:41:9-43:50
49            android:name="com.example.sis.StudentTimeTable"
49-->src/main/AndroidManifest.xml:42:13-45
50            android:label="@string/Time_table" />
50-->src/main/AndroidManifest.xml:43:13-47
51        <activity
51-->src/main/AndroidManifest.xml:44:9-46:44
52            android:name="com.example.sis.Plan"
52-->src/main/AndroidManifest.xml:45:13-33
53            android:label="@string/plan" />
53-->src/main/AndroidManifest.xml:46:13-41
54        <activity
54-->src/main/AndroidManifest.xml:47:9-49:47
55            android:name="com.example.sis.Support"
55-->src/main/AndroidManifest.xml:48:13-36
56            android:label="@string/support" />
56-->src/main/AndroidManifest.xml:49:13-44
57        <activity
57-->src/main/AndroidManifest.xml:50:9-52:44
58            android:name="com.example.sis.Fees"
58-->src/main/AndroidManifest.xml:51:13-33
59            android:label="@string/fees" />
59-->src/main/AndroidManifest.xml:52:13-41
60        <activity
60-->src/main/AndroidManifest.xml:53:9-55:47
61            android:name="com.example.sis.Profile"
61-->src/main/AndroidManifest.xml:54:13-36
62            android:label="@string/profile" />
62-->src/main/AndroidManifest.xml:55:13-44
63        <activity
63-->src/main/AndroidManifest.xml:56:9-58:54
64            android:name="com.example.sis.ForgetPassword"
64-->src/main/AndroidManifest.xml:57:13-43
65            android:label="@string/forgetPassword" />
65-->src/main/AndroidManifest.xml:58:13-51
66        <activity
66-->src/main/AndroidManifest.xml:59:9-68:20
67            android:name="com.example.sis.Login"
67-->src/main/AndroidManifest.xml:60:13-34
68            android:label="@string/login_title" >
68-->src/main/AndroidManifest.xml:61:13-48
69            <intent-filter>
69-->src/main/AndroidManifest.xml:62:13-67:29
70                <action
70-->src/main/AndroidManifest.xml:63:17-65:56
71                    android:name="android.intent.action.MAIN"
71-->src/main/AndroidManifest.xml:64:21-62
72                    android:label="@string/app_name" />
72-->src/main/AndroidManifest.xml:65:21-53
73
74                <category android:name="android.intent.category.LAUNCHER" />
74-->src/main/AndroidManifest.xml:66:17-77
74-->src/main/AndroidManifest.xml:66:27-74
75            </intent-filter>
76        </activity>
77        <activity
77-->src/main/AndroidManifest.xml:69:9-71:50
78            android:name="com.example.sis.MainActivity"
78-->src/main/AndroidManifest.xml:70:13-41
79            android:label="@string/main_title" />
79-->src/main/AndroidManifest.xml:71:13-47
80
81        <provider
81-->[androidx.lifecycle:lifecycle-process:2.1.0] AndroidManifest.xml:23:9-27:43
82            android:name="androidx.lifecycle.ProcessLifecycleOwnerInitializer"
82-->[androidx.lifecycle:lifecycle-process:2.1.0] AndroidManifest.xml:24:13-79
83            android:authorities="com.example.sis.lifecycle-process"
83-->[androidx.lifecycle:lifecycle-process:2.1.0] AndroidManifest.xml:25:13-69
84            android:exported="false"
84-->[androidx.lifecycle:lifecycle-process:2.1.0] AndroidManifest.xml:26:13-37
85            android:multiprocess="true" />
85-->[androidx.lifecycle:lifecycle-process:2.1.0] AndroidManifest.xml:27:13-40
86    </application>
87
88</manifest>